{"ts":1721226275843,"action":"PROJECT_OPENED","tags":{"PROJECT_NAME":"SmartDrive"}}
{"ts":1721226351750,"action":"PROJECT_CLOSED","tags":{"PROJECT_NAME":"SmartDrive"}}
{"ts":1721226383813,"action":"FILE_OPENED","file":"/Server.py","tags":{"FILE_LINE_OF_CODE":"1084"}}
{"ts":1721226387583,"action":"PROJECT_OPENED","tags":{"PROJECT_NAME":"SmartDrive"}}
{"ts":1721226535478,"action":"IDE_DEACTIVATED"}
{"ts":1721226542156,"action":"IDE_ACTIVATED"}
{"ts":1721226548455,"action":"FILE_CLOSED","file":"/Server.py","tags":{"FILE_LINE_OF_CODE":"1084"}}
{"ts":1721226548455,"action":"FILE_OPENED","file":"/TestDrive-old.py","tags":{"FILE_LINE_OF_CODE":"124"}}
{"ts":1721226564743,"action":"FILE_CLOSED","file":"/TestDrive-old.py","tags":{"FILE_LINE_OF_CODE":"124"}}
{"ts":1721226564743,"action":"FILE_OPENED","file":"/prova.py","tags":{"FILE_LINE_OF_CODE":"34"}}
{"ts":1721226582230,"action":"FILE_OPENED","file":"/Classification.py","tags":{"FILE_LINE_OF_CODE":"100"}}
{"ts":1721226588660,"action":"IDE_DEACTIVATED"}
{"ts":1721226623512,"action":"IDE_ACTIVATED"}
{"ts":1721226653445,"action":"IDE_DEACTIVATED"}
{"ts":1721226732276,"action":"IDE_ACTIVATED"}
{"ts":1721226770145,"action":"IDE_DEACTIVATED"}
{"ts":1721226776144,"action":"IDE_ACTIVATED"}
{"ts":1721226781289,"action":"IDE_DEACTIVATED"}
{"ts":1721226807722,"action":"IDE_ACTIVATED"}
{"ts":1721226809706,"action":"IDE_DEACTIVATED"}
{"ts":1721226818632,"action":"IDE_ACTIVATED"}
{"ts":1721226859187,"action":"IDE_DEACTIVATED"}
{"ts":1721226897028,"action":"IDE_ACTIVATED"}
{"ts":1721226901742,"action":"IDE_DEACTIVATED"}
{"ts":1721226960971,"action":"IDE_ACTIVATED"}
{"ts":1721227052541,"action":"IDE_DEACTIVATED"}
{"ts":1721227067037,"action":"IDE_ACTIVATED"}
{"ts":1721227090181,"action":"IDE_DEACTIVATED"}
{"ts":1721227111215,"action":"IDE_ACTIVATED"}
{"ts":1721227190754,"action":"PROJECT_CLOSED","tags":{"PROJECT_NAME":"SmartDrive"}}
{"ts":1721227205311,"action":"FILE_OPENED","file":"/Classification.py","tags":{"FILE_LINE_OF_CODE":"100"}}
{"ts":1721227206380,"action":"PROJECT_OPENED","tags":{"PROJECT_NAME":"SmartDrive"}}
{"ts":1721227245420,"action":"IDE_DEACTIVATED"}
{"ts":1721227261095,"action":"IDE_ACTIVATED"}
{"ts":1721227287992,"action":"IDE_DEACTIVATED"}
{"ts":1721229459821,"action":"IDE_ACTIVATED"}
{"ts":1721229469179,"action":"IDE_DEACTIVATED"}
{"ts":1721230077902,"action":"IDE_ACTIVATED"}
{"ts":1721230080643,"action":"IDE_DEACTIVATED"}
{"ts":1721236105117,"action":"IDE_ACTIVATED"}
{"ts":1721236218829,"action":"PROJECT_CLOSED","tags":{"PROJECT_NAME":"SmartDrive"}}
{"ts":1721236237870,"action":"FILE_OPENED","file":"/Classification.py","tags":{"FILE_LINE_OF_CODE":"100"}}
{"ts":1721236242995,"action":"PROJECT_OPENED","tags":{"PROJECT_NAME":"SmartDrive"}}
{"ts":1721236319318,"action":"IDE_DEACTIVATED"}
{"ts":1721236325137,"action":"IDE_ACTIVATED"}
{"ts":1721236336793,"action":"IDE_DEACTIVATED"}
{"ts":1721236343943,"action":"IDE_ACTIVATED"}
{"ts":1721236347179,"action":"IDE_DEACTIVATED"}
{"ts":1721237428485,"action":"IDE_ACTIVATED"}
{"ts":1721237435410,"action":"IDE_DEACTIVATED"}
{"ts":1721241116928,"action":"IDE_ACTIVATED"}
{"ts":1721241117862,"action":"IDE_DEACTIVATED"}
{"ts":1721244327399,"action":"IDE_ACTIVATED"}
{"ts":1721244341004,"action":"IDE_DEACTIVATED"}
{"ts":1721244951420,"action":"IDE_ACTIVATED"}
{"ts":1721315601884,"action":"IDE_DEACTIVATED"}
{"ts":1721315610864,"action":"IDE_ACTIVATED"}
{"ts":1721315636303,"action":"IDE_DEACTIVATED"}
{"ts":1721315643228,"action":"IDE_ACTIVATED"}
{"ts":1721315719669,"action":"PROJECT_CLOSED","tags":{"PROJECT_NAME":"SmartDrive"}}
{"ts":1721315796808,"action":"IDE_DEACTIVATED"}
{"ts":1721315797732,"action":"FILE_OPENED","file":"/Service.py","tags":{"FILE_LINE_OF_CODE":"46"}}
{"ts":1721315798140,"action":"PROJECT_OPENED","tags":{"PROJECT_NAME":"SmartDrive"}}
{"ts":1721315804002,"action":"IDE_ACTIVATED"}
{"ts":1721315864971,"action":"IDE_DEACTIVATED"}
{"ts":1721315901963,"action":"IDE_ACTIVATED"}
{"ts":1721315908543,"action":"IDE_DEACTIVATED"}
{"ts":1721316061512,"action":"PROJECT_CLOSED","tags":{"PROJECT_NAME":"SmartDrive"}}
{"ts":1721381846285,"action":"FILE_OPENED","file":"/Service.py","tags":{"FILE_LINE_OF_CODE":"46"}}
{"ts":1721381846818,"action":"PROJECT_OPENED","tags":{"PROJECT_NAME":"SmartDrive"}}
{"ts":1721381860773,"action":"FILE_CLOSED","file":"/Service.py","tags":{"FILE_LINE_OF_CODE":"46"}}
{"ts":1721381860773,"action":"FILE_OPENED","file":"/Server.py","tags":{"FILE_LINE_OF_CODE":"1084"}}
{"ts":1721381872238,"action":"IDE_DEACTIVATED"}
{"ts":1721381880911,"action":"IDE_ACTIVATED"}
{"ts":1721381888835,"action":"IDE_DEACTIVATED"}
{"ts":1721381916050,"action":"IDE_ACTIVATED"}
{"ts":1721381919045,"action":"IDE_DEACTIVATED"}
{"ts":1721381945710,"action":"IDE_ACTIVATED"}
{"ts":1721381947508,"action":"IDE_DEACTIVATED"}
{"ts":1721381953460,"action":"IDE_ACTIVATED"}
{"ts":1721381982734,"action":"IDE_DEACTIVATED"}
{"ts":1721381985446,"action":"IDE_ACTIVATED"}
{"ts":1721381997423,"action":"IDE_DEACTIVATED"}
{"ts":1721382312084,"action":"IDE_ACTIVATED"}
{"ts":1721382323201,"action":"IDE_DEACTIVATED"}
{"ts":1721382479272,"action":"IDE_ACTIVATED"}
{"ts":1721382605411,"action":"IDE_DEACTIVATED"}
{"ts":1721382663196,"action":"IDE_ACTIVATED"}
{"ts":1721382667845,"action":"IDE_DEACTIVATED"}
{"ts":1721382672071,"action":"IDE_ACTIVATED"}
{"ts":1721382834981,"action":"IDE_DEACTIVATED"}
{"ts":1721382935444,"action":"IDE_ACTIVATED"}
{"ts":1721383002773,"action":"IDE_DEACTIVATED"}
{"ts":1721383008847,"action":"IDE_ACTIVATED"}
{"ts":1721383060101,"action":"IDE_DEACTIVATED"}
{"ts":1721383088470,"action":"IDE_ACTIVATED"}
{"ts":1721383246470,"action":"IDE_DEACTIVATED"}
{"ts":1721383252729,"action":"IDE_ACTIVATED"}
{"ts":1721383266013,"action":"IDE_DEACTIVATED"}
{"ts":1721383325370,"action":"IDE_ACTIVATED"}
{"ts":1721383387442,"action":"IDE_DEACTIVATED"}
{"ts":1721383534280,"action":"IDE_ACTIVATED"}
{"ts":1721383650467,"action":"IDE_DEACTIVATED"}
{"ts":1721385010809,"action":"IDE_ACTIVATED"}
{"ts":1721385033065,"action":"IDE_DEACTIVATED"}
{"ts":1721385264501,"action":"IDE_ACTIVATED"}
{"ts":1721385267463,"action":"IDE_DEACTIVATED"}
{"ts":1721385291683,"action":"IDE_ACTIVATED"}
{"ts":1721385303130,"action":"FILE_CLOSED","file":"/Server.py","tags":{"FILE_LINE_OF_CODE":"1084"}}
{"ts":1721385303130,"action":"FILE_OPENED","file":"/TestDrive.py","tags":{"FILE_LINE_OF_CODE":"109"}}
{"ts":1721385309565,"action":"IDE_DEACTIVATED"}
{"ts":1721385314142,"action":"IDE_ACTIVATED"}
{"ts":1721385316766,"action":"FILE_CLOSED","file":"/TestDrive.py","tags":{"FILE_LINE_OF_CODE":"109"}}
{"ts":1721385316766,"action":"FILE_OPENED","file":"/Classification.py","tags":{"FILE_LINE_OF_CODE":"100"}}
{"ts":1721385533014,"action":"IDE_DEACTIVATED"}
{"ts":1721385593416,"action":"IDE_ACTIVATED"}
{"ts":1721385597611,"action":"FILE_CLOSED","file":"/Classification.py","tags":{"FILE_LINE_OF_CODE":"100"}}
{"ts":1721385597611,"action":"FILE_OPENED","file":"/Server.py","tags":{"FILE_LINE_OF_CODE":"1084"}}
{"ts":1721385611080,"action":"IDE_DEACTIVATED"}
{"ts":1721386110948,"action":"IDE_ACTIVATED"}
{"ts":1721386197960,"action":"IDE_DEACTIVATED"}
{"ts":1721386591851,"action":"IDE_ACTIVATED"}
{"ts":1721386684562,"action":"IDE_DEACTIVATED"}
{"ts":1721386686537,"action":"IDE_ACTIVATED"}
{"ts":1721386686560,"action":"IDE_DEACTIVATED"}
{"ts":1721386740112,"action":"IDE_ACTIVATED"}
{"ts":1721386743543,"action":"FILE_CLOSED","file":"/Server.py","tags":{"FILE_LINE_OF_CODE":"1084"}}
{"ts":1721386743543,"action":"FILE_OPENED","file":"/Classification.py","tags":{"FILE_LINE_OF_CODE":"100"}}
{"ts":1721386788666,"action":"IDE_DEACTIVATED"}
{"ts":1721386905513,"action":"IDE_ACTIVATED"}
{"ts":1721386945694,"action":"IDE_DEACTIVATED"}
{"ts":1721387002145,"action":"IDE_ACTIVATED"}
{"ts":1721387003123,"action":"IDE_DEACTIVATED"}
{"ts":1721387009314,"action":"IDE_ACTIVATED"}
{"ts":1721387010632,"action":"IDE_DEACTIVATED"}
{"ts":1721387018080,"action":"IDE_ACTIVATED"}
{"ts":1721387021946,"action":"IDE_DEACTIVATED"}
{"ts":1721389170708,"action":"IDE_ACTIVATED"}
{"ts":1721389172111,"action":"IDE_DEACTIVATED"}
{"ts":1721389195531,"action":"IDE_ACTIVATED"}
{"ts":1721389197318,"action":"IDE_DEACTIVATED"}
{"ts":1721395610763,"action":"IDE_ACTIVATED"}
{"ts":1721395612817,"action":"FILE_CLOSED","file":"/Classification.py","tags":{"FILE_LINE_OF_CODE":"139"}}
{"ts":1721395612817,"action":"FILE_OPENED","file":"/TestDrive.py","tags":{"FILE_LINE_OF_CODE":"109"}}
{"ts":1721395654563,"action":"IDE_DEACTIVATED"}
{"ts":1721395696847,"action":"IDE_ACTIVATED"}
{"ts":1721395716736,"action":"IDE_DEACTIVATED"}
{"ts":1721395762881,"action":"IDE_ACTIVATED"}
{"ts":1721395765740,"action":"FILE_CLOSED","file":"/TestDrive.py","tags":{"FILE_LINE_OF_CODE":"109"}}
{"ts":1721395765740,"action":"FILE_OPENED","file":"/Server.py","tags":{"FILE_LINE_OF_CODE":"1084"}}
{"ts":1721395772624,"action":"IDE_DEACTIVATED"}
{"ts":1721395835003,"action":"IDE_ACTIVATED"}
{"ts":1721395837400,"action":"IDE_DEACTIVATED"}
{"ts":1721395871593,"action":"IDE_ACTIVATED"}
{"ts":1721395874956,"action":"FILE_CLOSED","file":"/Server.py","tags":{"FILE_LINE_OF_CODE":"1084"}}
{"ts":1721395874956,"action":"FILE_OPENED","file":"/Classification.py","tags":{"FILE_LINE_OF_CODE":"139"}}
{"ts":1721395923928,"action":"IDE_DEACTIVATED"}
{"ts":1721396041155,"action":"IDE_ACTIVATED"}
{"ts":1721396056074,"action":"IDE_DEACTIVATED"}
{"ts":1721396057759,"action":"IDE_ACTIVATED"}
{"ts":1721396094531,"action":"FILE_CLOSED","file":"/Classification.py","tags":{"FILE_LINE_OF_CODE":"139"}}
{"ts":1721396094531,"action":"FILE_OPENED","file":"/Classification-samples.py","tags":{"FILE_LINE_OF_CODE":"139"}}
{"ts":1721396146367,"action":"IDE_DEACTIVATED"}
{"ts":1721396332480,"action":"IDE_ACTIVATED"}
{"ts":1721396358202,"action":"IDE_DEACTIVATED"}
{"ts":1721396388037,"action":"IDE_ACTIVATED"}
{"ts":1721396431772,"action":"IDE_DEACTIVATED"}
{"ts":1721396455828,"action":"IDE_ACTIVATED"}
{"ts":1721396487635,"action":"IDE_DEACTIVATED"}
{"ts":1721396512945,"action":"IDE_ACTIVATED"}
{"ts":1721396550578,"action":"IDE_DEACTIVATED"}
{"ts":1721396552028,"action":"IDE_ACTIVATED"}
{"ts":1721396553548,"action":"IDE_DEACTIVATED"}
{"ts":1721396566131,"action":"IDE_ACTIVATED"}
{"ts":1721396677342,"action":"IDE_DEACTIVATED"}
{"ts":1721396737947,"action":"IDE_ACTIVATED"}
{"ts":1721396749317,"action":"FILE_CLOSED","file":"/Classification-samples.py","tags":{"FILE_LINE_OF_CODE":"134"}}
{"ts":1721396749317,"action":"FILE_OPENED","file":"/Classification.py","tags":{"FILE_LINE_OF_CODE":"139"}}
{"ts":1721396775207,"action":"FILE_CLOSED","file":"/Classification.py","tags":{"FILE_LINE_OF_CODE":"139"}}
{"ts":1721396775207,"action":"FILE_OPENED","file":"/TestDrive.py","tags":{"FILE_LINE_OF_CODE":"109"}}
{"ts":1721396806768,"action":"FILE_CLOSED","file":"/TestDrive.py","tags":{"FILE_LINE_OF_CODE":"109"}}
{"ts":1721396806768,"action":"FILE_OPENED","file":"/Server.py","tags":{"FILE_LINE_OF_CODE":"1084"}}
{"ts":1721396818170,"action":"IDE_DEACTIVATED"}
{"ts":1721396851591,"action":"IDE_ACTIVATED"}
{"ts":1721396853699,"action":"FILE_CLOSED","file":"/Server.py","tags":{"FILE_LINE_OF_CODE":"1084"}}
{"ts":1721396853699,"action":"FILE_OPENED","file":"/TestDrive.py","tags":{"FILE_LINE_OF_CODE":"109"}}
{"ts":1721396854530,"action":"FILE_CLOSED","file":"/TestDrive.py","tags":{"FILE_LINE_OF_CODE":"109"}}
{"ts":1721396854530,"action":"FILE_OPENED","file":"/Server.py","tags":{"FILE_LINE_OF_CODE":"1084"}}
{"ts":1721396869832,"action":"IDE_DEACTIVATED"}
{"ts":1721397009021,"action":"IDE_ACTIVATED"}
{"ts":1721397010476,"action":"FILE_CLOSED","file":"/Server.py","tags":{"FILE_LINE_OF_CODE":"1084"}}
{"ts":1721397010476,"action":"FILE_OPENED","file":"/Classification-samples.py","tags":{"FILE_LINE_OF_CODE":"134"}}
{"ts":1721397148779,"action":"IDE_DEACTIVATED"}
{"ts":1721397151089,"action":"IDE_ACTIVATED"}
{"ts":1721397163557,"action":"FILE_CLOSED","file":"/Classification-samples.py","tags":{"FILE_LINE_OF_CODE":"134"}}
{"ts":1721397163557,"action":"FILE_OPENED","file":"/Classification.py","tags":{"FILE_LINE_OF_CODE":"139"}}
{"ts":1721397180603,"action":"FILE_CLOSED","file":"/Classification.py","tags":{"FILE_LINE_OF_CODE":"139"}}
{"ts":1721397180603,"action":"FILE_OPENED","file":"/Server.py","tags":{"FILE_LINE_OF_CODE":"1084"}}
{"ts":1721397202822,"action":"IDE_DEACTIVATED"}
{"ts":1721397414127,"action":"IDE_ACTIVATED"}
{"ts":1721397420941,"action":"FILE_CLOSED","file":"/Server.py","tags":{"FILE_LINE_OF_CODE":"1084"}}
{"ts":1721397420941,"action":"FILE_OPENED","file":"/Classification-samples.py","tags":{"FILE_LINE_OF_CODE":"134"}}
{"ts":1721397423824,"action":"FILE_CLOSED","file":"/Classification-samples.py","tags":{"FILE_LINE_OF_CODE":"134"}}
{"ts":1721397423824,"action":"FILE_OPENED","file":"/Classification.py","tags":{"FILE_LINE_OF_CODE":"139"}}
{"ts":1721397430289,"action":"FILE_CLOSED","file":"/Classification.py","tags":{"FILE_LINE_OF_CODE":"139"}}
{"ts":1721397430289,"action":"FILE_OPENED","file":"/Classification-samples.py","tags":{"FILE_LINE_OF_CODE":"134"}}
{"ts":1721397432707,"action":"FILE_CLOSED","file":"/Classification-samples.py","tags":{"FILE_LINE_OF_CODE":"134"}}
{"ts":1721397432707,"action":"FILE_OPENED","file":"/TestDrive.py","tags":{"FILE_LINE_OF_CODE":"109"}}
{"ts":1721397451977,"action":"FILE_CLOSED","file":"/TestDrive.py","tags":{"FILE_LINE_OF_CODE":"109"}}
{"ts":1721397451977,"action":"FILE_OPENED","file":"/Classification.py","tags":{"FILE_LINE_OF_CODE":"139"}}
{"ts":1721397455713,"action":"FILE_CLOSED","file":"/Classification.py","tags":{"FILE_LINE_OF_CODE":"139"}}
{"ts":1721397455713,"action":"FILE_OPENED","file":"/Classification-samples.py","tags":{"FILE_LINE_OF_CODE":"134"}}
{"ts":1721397460873,"action":"FILE_CLOSED","file":"/Classification-samples.py","tags":{"FILE_LINE_OF_CODE":"134"}}
{"ts":1721397460873,"action":"FILE_OPENED","file":"/Classification.py","tags":{"FILE_LINE_OF_CODE":"139"}}
{"ts":1721397462703,"action":"FILE_CLOSED","file":"/Classification.py","tags":{"FILE_LINE_OF_CODE":"139"}}
{"ts":1721397462703,"action":"FILE_OPENED","file":"/Classification-samples.py","tags":{"FILE_LINE_OF_CODE":"134"}}
{"ts":1721397478570,"action":"IDE_DEACTIVATED"}
{"ts":1721397762526,"action":"IDE_ACTIVATED"}
{"ts":1721397769262,"action":"FILE_OPENED","file":"/Classification.py","tags":{"FILE_LINE_OF_CODE":"139"}}
